{"level":"info","message":{"action":"GET","body":{},"path":"/","time":"2022-09-26T18:32:02.246Z"},"service":"pokedex-service"}
{"level":"info","message":{"action":"GET","body":{},"path":"/","time":"2022-09-26T18:54:30.390Z"},"service":"todoDB-service"}
{"level":"info","message":{"action":"GET","body":{},"path":"/","time":"2022-09-26T18:56:13.670Z"},"service":"todoDB-service"}
{"level":"info","message":{"action":"GET","body":{},"path":"/","time":"2022-09-26T18:59:28.679Z"},"service":"todoDB-service"}
{"level":"info","message":{"action":"GET","body":{},"path":"/","time":"2022-09-26T19:03:54.856Z"},"service":"todoDB-service"}
{"level":"info","message":{"res_body":[{"chore":"homework","number":1},{"chore":"study","number":2},{"chore":"class","number":3}],"status_code":200,"time":"2022-09-26T19:03:54.893Z"},"service":"todoDB-service"}
{"level":"info","message":{"action":"GET","body":{},"path":"/todo","time":"2022-09-26T19:44:49.239Z"},"service":"todoDB-service"}
{"level":"info","message":{"res_body":{"chore":"study","number":2},"status_code":200,"time":"2022-09-26T19:44:49.273Z"},"service":"todoDB-service"}
{"level":"info","message":{"action":"GET","body":{},"path":"/todo","time":"2022-09-27T15:24:14.677Z"},"service":"todoDB-service"}
{"level":"info","message":{"res_body":{"chore":"study","number":2},"status_code":200,"time":"2022-09-27T15:24:14.702Z"},"service":"todoDB-service"}
{"level":"info","message":{"action":"GET","body":{},"path":"/todo","time":"2022-09-27T15:24:25.228Z"},"service":"todoDB-service"}
{"level":"info","message":{"res_body":{"chore":"class","number":3},"status_code":200,"time":"2022-09-27T15:24:25.241Z"},"service":"todoDB-service"}
{"level":"info","message":{"action":"GET","body":{},"path":"/todo","time":"2022-09-27T15:24:30.819Z"},"service":"todoDB-service"}
{"level":"info","message":{"res_body":{"chore":"homework","number":1},"status_code":200,"time":"2022-09-27T15:24:30.821Z"},"service":"todoDB-service"}
{"level":"info","message":{"action":"POST","body":{"chore":"debug","number":4},"path":"/todo/","time":"2022-09-27T15:33:14.149Z"},"service":"todoDB-service"}
{"level":"info","message":{"action":"POST","body":{"chore":"debug","number":4},"path":"/todo/","time":"2022-09-27T15:41:52.618Z"},"service":"todoDB-service"}
{"level":"info","message":{"action":"POST","body":{"chore":"debug","number":4},"path":"/todo/","time":"2022-09-27T15:42:45.321Z"},"service":"todoDB-service"}
{"level":"info","message":{"action":"POST","body":{"chore":"debug","number":4},"path":"/todo/","time":"2022-09-27T15:43:20.554Z"},"service":"todoDB-service"}
{"level":"info","message":{"action":"POST","body":{"chore":"debug","number":4},"path":"/todo/","time":"2022-09-27T15:45:08.431Z"},"service":"todoDB-service"}
{"level":"info","message":{"res_body":[],"status_code":200,"time":"2022-09-27T15:45:08.458Z"},"service":"todoDB-service"}
{"level":"info","message":{"action":"GET","body":{},"path":"/","time":"2022-09-27T15:45:51.480Z"},"service":"todoDB-service"}
{"level":"info","message":{"res_body":[{"chore":"homework","number":1},{"chore":"study","number":2},{"chore":"class","number":3},{"chore":"debug","number":4}],"status_code":200,"time":"2022-09-27T15:45:51.498Z"},"service":"todoDB-service"}
{"level":"info","message":{"action":"GET","body":{},"path":"/","time":"2022-09-27T15:46:27.560Z"},"service":"todoDB-service"}
{"level":"info","message":{"res_body":[{"chore":"homework","number":1},{"chore":"study","number":2},{"chore":"class","number":3},{"chore":"debug","number":4}],"status_code":200,"time":"2022-09-27T15:46:27.593Z"},"service":"todoDB-service"}
{"level":"info","message":{"action":"PUT","body":{"chore":"declutter","number":4},"path":"/todo/","time":"2022-09-27T15:51:26.839Z"},"service":"todoDB-service"}
{"level":"info","message":{"action":"PUT","body":{"chore":"declutter","number":4},"path":"/todo/","time":"2022-09-27T15:55:10.054Z"},"service":"todoDB-service"}
{"level":"info","message":{"res_body":[],"status_code":200,"time":"2022-09-27T15:55:10.073Z"},"service":"todoDB-service"}
{"level":"info","message":{"action":"GET","body":{"chore":"declutter","number":4},"path":"/","time":"2022-09-27T15:55:49.446Z"},"service":"todoDB-service"}
{"level":"info","message":{"action":"GET","body":{},"path":"/","time":"2022-09-27T15:55:56.853Z"},"service":"todoDB-service"}
{"level":"info","message":{"res_body":[{"chore":"homework","number":1},{"chore":"study","number":2},{"chore":"class","number":3},{"chore":"declutter","number":4}],"status_code":200,"time":"2022-09-27T15:55:56.870Z"},"service":"todoDB-service"}
{"level":"info","message":{"action":"PUT","body":{"chore":"trash","number":4},"path":"/","time":"2022-09-27T15:57:02.998Z"},"service":"todoDB-service"}
{"level":"info","message":{"action":"GET","body":{},"path":"/","time":"2022-09-27T15:57:40.839Z"},"service":"todoDB-service"}
{"level":"info","message":{"res_body":[{"chore":"homework","number":1},{"chore":"study","number":2},{"chore":"class","number":3},{"chore":"declutter","number":4}],"status_code":200,"time":"2022-09-27T15:57:40.871Z"},"service":"todoDB-service"}
{"level":"info","message":{"action":"PUT","body":{"chore":"trash","number":4},"path":"/todo","time":"2022-09-27T15:58:14.727Z"},"service":"todoDB-service"}
{"level":"info","message":{"res_body":[],"status_code":200,"time":"2022-09-27T15:58:14.738Z"},"service":"todoDB-service"}
{"level":"info","message":{"action":"GET","body":{"chore":"trash","number":4},"path":"/","time":"2022-09-27T15:58:30.986Z"},"service":"todoDB-service"}
{"level":"info","message":{"action":"GET","body":{},"path":"/","time":"2022-09-27T15:58:35.904Z"},"service":"todoDB-service"}
{"level":"info","message":{"res_body":[{"chore":"homework","number":1},{"chore":"study","number":2},{"chore":"class","number":3},{"chore":"trash","number":4}],"status_code":200,"time":"2022-09-27T15:58:35.919Z"},"service":"todoDB-service"}
